create process id,machind_id:1082046464,temp_handle:0,id:1082046464
create process id,machind_id:1082046464,temp_handle:1,id:1082046465
create process id,machind_id:1082046464,temp_handle:2,id:1082046466
create process id,machind_id:1082046464,temp_handle:3,id:1082046467
create process id,machind_id:1082046464,temp_handle:4,id:1082046468
acceptor host:27.50.159.148,port:8111
create process id,machind_id:1082046464,temp_handle:5,id:1082046469
create process id,machind_id:1082046464,temp_handle:6,id:1082046470
create process id,machind_id:1082046464,temp_handle:7,id:1082046471
create process id,machind_id:1082046464,temp_handle:8,id:1082046472
acceptor host:27.50.159.148,port:8112
create process id,machind_id:1082046464,temp_handle:9,id:1082046473
create process id,machind_id:1082046464,temp_handle:10,id:1082046474
create process id,machind_id:1082046464,temp_handle:11,id:1082046475
create process id,machind_id:1082046464,temp_handle:12,id:1082046476
[m[2019-04-30 01:46:51] [INFO  ][router-1082046471](on_connect_center)connect to center  27.50.159.148:8111
[m[2019-04-30 01:46:51] [INFO  ][center-1082046467](on_accept_socket)accept connect 16777220 27.50.159.148
[m[2019-04-30 01:46:51] [INFO  ][router-1082046471](on_connect_socket)center connect 16777219:1082046476
[m[2019-04-30 01:46:51] [INFO  ][router-1082046471]on_connected_center on_connected_center:class_module/ModuleRouter.cpp:477:1056686
create process id,machind_id:1082046464,temp_handle:13,id:1082046477
[m[2019-04-30 01:46:51] [INFO  ][center-1082046467](on_regist_router)connect to router 1056686 27.50.159.148:8112
[m[2019-04-30 01:46:51] [INFO  ][router-1082046471](on_accept_socket)accept connect 16777222 27.50.159.148
create process id,machind_id:1082046464,temp_handle:14,id:1082046478
[m[2019-04-30 01:46:51] [INFO  ][center-1082046467](on_connected_router) my router connect
create process id,machind_id:1082046464,temp_handle:15,id:1082046479
[m[2019-04-30 01:46:51] [INFO  ][center-1082046467](on_connect_socket)router 1056686 connect 16777221
[m[2019-04-30 01:46:51] [cross1_8110:INFO-1082046479]CenterMgr.lua-12: CenterMgr:Init 27.50.159.148:9999
[m[2019-04-30 01:46:51] [cross1_8110:INFO-1082046479]cross.lua-24: cross1_8110 Start
[m[2019-04-30 01:46:51] [INFO  ][router-1082046471](on_connect_center)connect to center  27.50.159.148:9999
[m[2019-04-30 01:46:51] [INFO  ][router-1082046471](on_connect_socket)center connect 16777224:1082046476
[m[2019-04-30 01:46:51] [INFO  ][router-1082046471]on_connected_center on_connected_center:class_module/ModuleRouter.cpp:477:1056686
register name from center:cross1_8110:1082046479
[m[2019-04-30 01:46:51] [INFO  ][router-1082046471](on_accept_socket)accept connect 16777225 27.50.159.148
[m[2019-04-30 01:46:51] [INFO  ][router-1082046471](on_regist_router)connect to router 1057676 27.50.159.148:9998
register name from center:center1:1083060238
[m[2019-04-30 01:46:51] [INFO  ][router-1082046471](on_connect_socket)router 1057676 connect 16777226
[m[2019-04-30 01:46:51] [INFO  ][router-1082046471](on_accept_socket)accept connect 16777227 27.50.159.148
[m[2019-04-30 01:46:59] [cross1_8110:INFO-1082046479]CenterMgr.lua-43: CenterMgr:HeartBeat:: centerSource 1083060238 27.50.159.148:9999
[m[2019-04-30 01:46:59] [cross1_8110:INFO-1082046479]CenterMgr.lua-114: CenterMgr:UpdateList
[m[2019-04-30 01:46:59] [cross1_8110:INFO-1082046479]lua_util.lua-84: table: 0x100043c0
[m[2019-04-30 01:46:59] [cross1_8110:INFO-1082046479]lua_util.lua-77: cross	table: 0x10004580
[m[2019-04-30 01:46:59] [cross1_8110:INFO-1082046479]lua_util.lua-77: 	8110	27.50.159.148:8111
[m[2019-04-30 01:46:59] [cross1_8110:INFO-1082046479]lua_util.lua-88: all value number: 2
[m[2019-04-30 01:47:20] [INFO  ][center-1082046467](on_accept_socket)accept connect 16777228 27.50.159.148
[m[2019-04-30 01:47:20] [INFO  ][center-1082046467](on_regist_router)connect to router 1048577 27.50.159.148:10201
send center name:cross1_8110:1082046479
[m[2019-04-30 01:47:20] [INFO  ][center-1082046467](on_connected_router) new router connect
[m[2019-04-30 01:47:20] [INFO  ][center-1082046467](on_connect_socket)router 1048577 connect 16777229
[m[2019-04-30 01:47:20] [INFO  ][router-1082046471](on_regist_router)connect to router 1048577 27.50.159.148:10201
[m[2019-04-30 01:47:20] [INFO  ][router-1082046471](on_connect_socket)router 1048577 connect 16777230
[m[2019-04-30 01:47:20] [INFO  ][router-1082046471](on_accept_socket)accept connect 16777231 27.50.159.148
create process id,machind_id:1082046464,temp_handle:16,id:1082046480
create process id,machind_id:1082046464,temp_handle:17,id:1082046481
create process id,machind_id:1082046464,temp_handle:18,id:1082046482
create process id,machind_id:1082046464,temp_handle:19,id:1082046483
create process id,machind_id:1082046464,temp_handle:20,id:1082046484
[m[2019-04-30 01:47:25] [.mysql:INFO-1082046482]mysql.lua-28: .mysql Start
create process id,machind_id:1082046464,temp_handle:21,id:1082046485
create process id,machind_id:1082046464,temp_handle:22,id:1082046486
[m[2019-04-30 01:47:25] [INFO  ][mysql-1082046483]mysql server connected
[m[2019-04-30 01:47:25] [INFO  ][mysql-1082046484]mysql server connected
register name from center:world1_1:1082046480
[m[2019-04-30 01:47:25] [INFO  ][mysql-1082046486]mysql server connected
[m[2019-04-30 01:47:25] [INFO  ][mysql-1082046485]mysql server connected
create process id,machind_id:1082046464,temp_handle:23,id:1082046487
create process id,machind_id:1082046464,temp_handle:24,id:1082046488
[m[2019-04-30 01:47:25] [INFO  ][mysql-1082046483]mysql server auth sucess
[m[2019-04-30 01:47:25] [INFO  ][mysql-1082046484]mysql server auth sucess
[m[2019-04-30 01:47:25] [INFO  ][mysql-1082046485]mysql server auth sucess
[m[2019-04-30 01:47:25] [INFO  ][mysql-1082046488]mysql server connected
[m[2019-04-30 01:47:25] [INFO  ][mysql-1082046487]mysql server connected
[m[2019-04-30 01:47:25] [INFO  ][mysql-1082046486]mysql server auth sucess
[m[2019-04-30 01:47:25] [SCRIPTS  ][world1_1:INFO-1082046480]MysqlBlob.lua-162: Blob:CheckTb:: CREATE TABLE IF NOT EXISTS `version` (`server` varchar(128) COLLATE utf8mb4_bin DEFAULT '' COMMENT '服务名',`version` int(11) DEFAULT 0 COMMENT '版本号',`beforevs` int(11) DEFAULT 0 COMMENT '更新前的版本号',PRIMARY KEY (`server`)) ENGINE=MyISAM DEFAULT CHARSET=utf8mb4 COLLATE=utf8mb4_bin COMMENT='版本号表';
[m[2019-04-30 01:47:25] [INFO  ][mysql-1082046488]mysql server auth sucess
[m[2019-04-30 01:47:25] [INFO  ][mysql-1082046487]mysql server auth sucess
[m[2019-04-30 01:47:25] [SCRIPTS  ][war1_1:INFO-1082046481]MysqlBlob.lua-162: Blob:CheckTb:: CREATE TABLE IF NOT EXISTS `version` (`server` varchar(128) COLLATE utf8mb4_bin DEFAULT '' COMMENT '服务名',`version` int(11) DEFAULT 0 COMMENT '版本号',`beforevs` int(11) DEFAULT 0 COMMENT '更新前的版本号',PRIMARY KEY (`server`)) ENGINE=MyISAM DEFAULT CHARSET=utf8mb4 COLLATE=utf8mb4_bin COMMENT='版本号表';
[m[2019-04-30 01:47:25] [world1_1:INFO-1082046480]MysqlBlob.lua-224: Blob:CheckDB:: cur beforevs is 0
[m[2019-04-30 01:47:25] [SCRIPTS  ][world1_1:INFO-1082046480]MysqlBlob.lua-162: Blob:CheckTb:: CREATE TABLE IF NOT EXISTS `world1_activitys` (`activity_id` int(11) DEFAULT 0 COMMENT '活动id',`activity_init_status` int(11) DEFAULT 0 COMMENT '开启标记',`activity_over_status` int(11) DEFAULT 0 COMMENT '结束标记',`activity_data` mediumblob COMMENT '活动数据',PRIMARY KEY (`activity_id`),KEY `type` (`activity_id`)) ENGINE=MyISAM DEFAULT CHARSET=utf8mb4 COLLATE=utf8mb4_bin COMMENT='活动表';
[m[2019-04-30 01:47:25] [war1_1:INFO-1082046481]MysqlBlob.lua-224: Blob:CheckDB:: cur beforevs is 0
[m[2019-04-30 01:47:25] [SCRIPTS  ][war1_1:INFO-1082046481]MysqlBlob.lua-162: Blob:CheckTb:: CREATE TABLE IF NOT EXISTS `war1_wardatas` (`uniquevalue` int(11) DEFAULT 1 COMMENT '类型唯一',`fieldboss` mediumblob COMMENT '野外boss',`publicboss` mediumblob COMMENT '全民boss',`guildboss` mediumblob COMMENT '帮会boss',`qualifying_audition` mediumblob COMMENT '仙道会_audition',`qualifying_auditionFight` mediumblob COMMENT '仙道会_auditionFight',`qualifying_rank` mediumblob COMMENT '仙道会_rank',`qualifying_key` mediumblob COMMENT '仙道会_key',`qualifying_last` mediumblob COMMENT '仙道会_last',`qualifying_the` mediumblob COMMENT '仙道会_the',`qualifying_bets` mediumblob COMMENT '仙道会bets',`climb` mediumblob COMMENT '九重天',`guildwar` mediumblob COMMENT '帮会战',`guildmine` mediumblob COMMENT '矿山争夺',`maincity` mediumblob COMMENT '主城地图',PRIMARY KEY (`uniquevalue`)) ENGINE=MyISAM DEFAULT CHARSET=utf8mb4 COLLATE=utf8mb4_bin COMMENT='战斗数据表';
[m[2019-04-30 01:47:25] [SCRIPTS  ][world1_1:INFO-1082046480]MysqlBlob.lua-162: Blob:CheckTb:: CREATE TABLE IF NOT EXISTS `world1_auctions` (`dbid` int(11) AUTO_INCREMENT COMMENT '索引ID',`playerid` bigint(20) DEFAULT 0 COMMENT '玩家ID',`playername` varchar(128) COLLATE utf8mb4_bin DEFAULT '' COMMENT '玩家名字',`guildid` bigint(20) DEFAULT 0 COMMENT '公会ID',`itemid` int(11) DEFAULT 0 COMMENT '物品ID',`count` int(11) DEFAULT 0 COMMENT '物品数量',`createtime` int(11) DEFAULT 0 COMMENT '创建时间',`status` int(11) DEFAULT 0 COMMENT '阶段',`price` mediumblob COMMENT '当前价格',`offerid` bigint(20) DEFAULT 0 COMMENT '当前出价者',`offername` varchar(128) COLLATE utf8mb4_bin DEFAULT '' COMMENT '当前出价者',`offertime` int(11) DEFAULT 0 COMMENT '出价时间',`dealtime` int(11) DEFAULT 0 COMMENT '成交时间',`isbuy` int(11) DEFAULT 0 COMMENT '是否是一口价',`dealprice` int(11) DEFAULT 0 COMMENT '一口价',`addprice` int(11) DEFAULT 0 COMMENT '增加值',`numerictype` int(11) DEFAULT 0 COMMENT '货币类型',`record` mediumblob COMMENT '出价记录',PRIMARY KEY (`dbid`)) ENGINE=MyISAM DEFAULT CHARSET=utf8mb4 COLLATE=utf8mb4_bin COMMENT='拍卖行';
[m[2019-04-30 01:47:25] [SCRIPTS  ][war1_1:INFO-1082046481]MysqlBlob.lua-162: Blob:CheckTb:: CREATE TABLE IF NOT EXISTS `war1_qualifying_player` (`dbid` bigint(20) DEFAULT 0 COMMENT '玩家id',`rank` int(2) DEFAULT 0 COMMENT '玩家赛场',`data` mediumblob COMMENT '玩家数据',PRIMARY KEY (`dbid`)) ENGINE=MyISAM DEFAULT CHARSET=utf8mb4 COLLATE=utf8mb4_bin COMMENT='仙道会玩家数据';
[m[2019-04-30 01:47:25] [SCRIPTS  ][war1_1:INFO-1082046481]MysqlBlob.lua-162: Blob:CheckTb:: CREATE TABLE IF NOT EXISTS `war1_qualifying_record` (`no` int(11) DEFAULT 0 COMMENT '录像编号',`data` mediumblob COMMENT '战斗录像',PRIMARY KEY (`no`)) ENGINE=MyISAM DEFAULT CHARSET=utf8mb4 COLLATE=utf8mb4_bin COMMENT='仙道会战斗录像';
[m[2019-04-30 01:47:25] [SCRIPTS  ][world1_1:INFO-1082046480]MysqlBlob.lua-162: Blob:CheckTb:: CREATE TABLE IF NOT EXISTS `world1_ranks` (`type` int(11) DEFAULT 0 COMMENT '类型',`rank` int(11) DEFAULT 0 COMMENT '排名',`data` mediumblob COMMENT '数据',PRIMARY KEY (`type`,`rank`),KEY `type` (`type`)) ENGINE=MyISAM DEFAULT CHARSET=utf8mb4 COLLATE=utf8mb4_bin COMMENT='排行榜表';
create process id,machind_id:1082046464,temp_handle:25,id:1082046489
[m[2019-04-30 01:47:25] [INFO  ][mysql-1082046488]mysql server quit
[m[2019-04-30 01:47:25] [INFO  ][mysql-1082046487]mysql server quit
[m[2019-04-30 01:47:25] [INFO  ][mysql-1082046489]mysql server connected
[m[2019-04-30 01:47:25] [SCRIPTS  ][world1_1:INFO-1082046480]MysqlBlob.lua-162: Blob:CheckTb:: CREATE TABLE IF NOT EXISTS `world1_worlddatas` (`uniquevalue` int(11) DEFAULT 1 COMMENT '类型唯一',`record_activity` mediumblob COMMENT '后台推送活动表',PRIMARY KEY (`uniquevalue`)) ENGINE=MyISAM DEFAULT CHARSET=utf8mb4 COLLATE=utf8mb4_bin COMMENT='基础数据表';
[m[2019-04-30 01:47:25] [INFO  ][mysql-1082046489]mysql server auth sucess
register name from center:world1_1:1082046480
[m[2019-04-30 01:47:25] [war1_1:INFO-1082046481]MysqlBlob.lua-279: Blob:CheckUpdate:: cur version is 0
[m[2019-04-30 01:47:25] [INFO  ][mysql-1082046489]mysql server quit
create process id,machind_id:1082046464,temp_handle:26,id:1082046490
Blob:InitDBID:	war1_qualifying_player	0
Blob:InitDBID: serverdbid, platdbid	0	0
[m[2019-04-30 01:47:25] [INFO  ][mysql-1082046486]mysql server quit
[m[2019-04-30 01:47:25] [INFO  ][mysql-1082046485]mysql server quit
[m[2019-04-30 01:47:25] [INFO  ][mysql-1082046490]mysql server connected
[m[2019-04-30 01:47:25] [INFO  ][mysql-1082046490]mysql server auth sucess
[m[2019-04-30 01:47:25] [world1_1:INFO-1082046480]MysqlBlob.lua-279: Blob:CheckUpdate:: cur version is 0
-----开启时间-------------:20: :0
ClimbCenter:Init-----------
[m[2019-04-30 01:47:25] [INFO  ][mysql-1082046490]mysql server quit
Blob:InitDBID:	world1_auctions	0
Blob:InitDBID: serverdbid, platdbid	0	0
Add activity failed.type handle not exist ! activity Id is:	1
Add activity failed.type handle not exist ! activity Id is:	2
Add activity failed.type handle not exist ! activity Id is:	3
Add activity failed.type handle not exist ! activity Id is:	4
Add activity failed.type handle not exist ! activity Id is:	5
Add activity failed.type handle not exist ! activity Id is:	6
Add activity failed.type handle not exist ! activity Id is:	7
Add activity failed.type handle not exist ! activity Id is:	8
Add activity failed.type handle not exist ! activity Id is:	9
Add activity failed.type handle not exist ! activity Id is:	10
Add activity failed.type handle not exist ! activity Id is:	11
Add activity failed.type handle not exist ! activity Id is:	12
Add activity failed.type handle not exist ! activity Id is:	13
Add activity failed.type handle not exist ! activity Id is:	15
Add activity failed.type handle not exist ! activity Id is:	16
Add activity failed.type handle not exist ! activity Id is:	17
Add activity failed.type handle not exist ! activity Id is:	18
Add activity failed.type handle not exist ! activity Id is:	19
Add activity failed.type handle not exist ! activity Id is:	20
Add activity failed.type handle not exist ! activity Id is:	21
Add activity failed.type handle not exist ! activity Id is:	22
Add activity failed.type handle not exist ! activity Id is:	23
Add activity failed.type handle not exist ! activity Id is:	24
Add activity failed.type handle not exist ! activity Id is:	25
Add activity failed.type handle not exist ! activity Id is:	26
Add activity failed.type handle not exist ! activity Id is:	27
Add activity failed.type handle not exist ! activity Id is:	28
Add activity failed.type handle not exist ! activity Id is:	29
[m[2019-04-30 01:47:25] [war1_1:INFO-1082046481]war.lua-27: war1_1 Start
[m[2019-04-30 01:47:25] [world1_1:INFO-1082046480]world.lua-33: world1_1 Start
register name from center:war1_1:1082046481
register name from center:war1_1:1082046481
[m[2019-04-30 01:47:55] [war1_1:INFO-1082046481]KingArenaCenter.lua-121: update fightdata-------------------
[m[2019-04-30 01:47:55] [war1_1:INFO-1082046481]KingArenaCenter.lua-64: KingArenaCenter----------------------Resume
Timer:HalfHour------------------
Timer:HalfHour------------------
QualifyingCenter:onHalfHour	0
Timer:HalfHour------------------
Timer:HalfHour------------------
QualifyingCenter:onHalfHour	0
[m[2019-04-30 02:47:55] [war1_1:INFO-1082046481]KingArenaCenter.lua-121: update fightdata-------------------
Timer:HalfHour------------------
Timer:HalfHour------------------
QualifyingCenter:onHalfHour	0
Timer:HalfHour------------------
Timer:HalfHour------------------
QualifyingCenter:onHalfHour	0
[m[2019-04-30 03:47:55] [war1_1:INFO-1082046481]KingArenaCenter.lua-121: update fightdata-------------------
Timer:HalfHour------------------
Timer:HalfHour------------------
QualifyingCenter:onHalfHour	0
[m[2019-04-30 04:05:36] [INFO  ][center-1082046467](on_accept_socket)accept connect 16777240 80.82.70.187
close socket in accepter
[m[2019-04-30 04:06:16] [INFO  ][center-1082046467](on_close_socket)router 0 close 16777240 failed router = 0
Timer:HalfHour------------------
Timer:HalfHour------------------
QualifyingCenter:onHalfHour	0
[m[2019-04-30 04:47:55] [war1_1:INFO-1082046481]KingArenaCenter.lua-121: update fightdata-------------------
Timer:HalfHour------------------
Timer:HalfHour------------------
QualifyingCenter:onHalfHour	0
Timer:HalfHour------------------
Timer:HalfHour------------------
QualifyingCenter:onHalfHour	0
[m[2019-04-30 05:47:55] [war1_1:INFO-1082046481]KingArenaCenter.lua-121: update fightdata-------------------
Timer:HalfHour------------------
Timer:HalfHour------------------
QualifyingCenter:onHalfHour	0
Timer:HalfHour------------------
Timer:HalfHour------------------
QualifyingCenter:onHalfHour	0
[m[2019-04-30 06:47:55] [war1_1:INFO-1082046481]KingArenaCenter.lua-121: update fightdata-------------------
Timer:HalfHour------------------
Timer:HalfHour------------------
QualifyingCenter:onHalfHour	0
Timer:HalfHour------------------
Timer:HalfHour------------------
QualifyingCenter:onHalfHour	0
[m[2019-04-30 07:47:55] [war1_1:INFO-1082046481]KingArenaCenter.lua-121: update fightdata-------------------
ContestBossBase:CheckOpen-------------
Timer:HalfHour------------------
Timer:HalfHour------------------
QualifyingCenter:onHalfHour	0
[m[2019-04-30 08:02:00] [war1_1:INFO-1082046481]ContestBossBase.lua-113: ================ ContestBossBase:Open
[m[2019-04-30 08:04:00] [war1_1:INFO-1082046481]ContestBossBase.lua-128: ================ ContestBossBase:BossEnter
[m[2019-04-30 08:12:20] [war1_1:INFO-1082046481]ContestBossBase.lua-359: ================ ContestBossBase:ShieldDec <= 0
[m[2019-04-30 08:26:40] [war1_1:INFO-1082046481]ContestBossBase.lua-359: ================ ContestBossBase:ShieldDec <= 0
Timer:HalfHour------------------
Timer:HalfHour------------------
QualifyingCenter:onHalfHour	0
[m[2019-04-30 08:41:00] [war1_1:INFO-1082046481]ContestBossBase.lua-359: ================ ContestBossBase:ShieldDec <= 0
[m[2019-04-30 08:47:55] [war1_1:INFO-1082046481]KingArenaCenter.lua-121: update fightdata-------------------
[m[2019-04-30 08:55:20] [war1_1:INFO-1082046481]ContestBossBase.lua-359: ================ ContestBossBase:ShieldDec <= 0
Timer:HalfHour------------------
Timer:HalfHour------------------
QualifyingCenter:onHalfHour	0
[m[2019-04-30 09:09:40] [war1_1:INFO-1082046481]ContestBossBase.lua-359: ================ ContestBossBase:ShieldDec <= 0
[m[2019-04-30 09:24:00] [war1_1:INFO-1082046481]ContestBossBase.lua-359: ================ ContestBossBase:ShieldDec <= 0
Timer:HalfHour------------------
Timer:HalfHour------------------
QualifyingCenter:onHalfHour	0
[m[2019-04-30 09:38:20] [war1_1:INFO-1082046481]ContestBossBase.lua-359: ================ ContestBossBase:ShieldDec <= 0
[m[2019-04-30 09:47:55] [war1_1:INFO-1082046481]KingArenaCenter.lua-121: update fightdata-------------------
[m[2019-04-30 09:52:40] [war1_1:INFO-1082046481]ContestBossBase.lua-359: ================ ContestBossBase:ShieldDec <= 0
Timer:HalfHour------------------
Timer:HalfHour------------------
QualifyingCenter:onHalfHour	0
[m[2019-04-30 10:07:00] [war1_1:INFO-1082046481]ContestBossBase.lua-359: ================ ContestBossBase:ShieldDec <= 0
[m[2019-04-30 10:21:20] [war1_1:INFO-1082046481]ContestBossBase.lua-359: ================ ContestBossBase:ShieldDec <= 0
Timer:HalfHour------------------
Timer:HalfHour------------------
QualifyingCenter:onHalfHour	0
[m[2019-04-30 10:35:40] [war1_1:INFO-1082046481]ContestBossBase.lua-359: ================ ContestBossBase:ShieldDec <= 0
[m[2019-04-30 10:47:55] [war1_1:INFO-1082046481]KingArenaCenter.lua-121: update fightdata-------------------
[m[2019-04-30 10:50:00] [war1_1:INFO-1082046481]ContestBossBase.lua-359: ================ ContestBossBase:ShieldDec <= 0
Timer:HalfHour------------------
Timer:HalfHour------------------
QualifyingCenter:onHalfHour	0
[m[2019-04-30 11:04:20] [war1_1:INFO-1082046481]ContestBossBase.lua-359: ================ ContestBossBase:ShieldDec <= 0
[m[2019-04-30 11:18:40] [war1_1:INFO-1082046481]ContestBossBase.lua-359: ================ ContestBossBase:ShieldDec <= 0
Timer:HalfHour------------------
Timer:HalfHour------------------
QualifyingCenter:onHalfHour	0
[m[2019-04-30 11:33:00] [war1_1:INFO-1082046481]ContestBossBase.lua-359: ================ ContestBossBase:ShieldDec <= 0
[m[2019-04-30 11:47:20] [war1_1:INFO-1082046481]ContestBossBase.lua-359: ================ ContestBossBase:ShieldDec <= 0
[m[2019-04-30 11:47:55] [war1_1:INFO-1082046481]KingArenaCenter.lua-121: update fightdata-------------------
Timer:HalfHour------------------
Timer:HalfHour------------------
QualifyingCenter:onHalfHour	0
[m[2019-04-30 12:01:40] [war1_1:INFO-1082046481]ContestBossBase.lua-359: ================ ContestBossBase:ShieldDec <= 0
[m[2019-04-30 12:16:00] [war1_1:INFO-1082046481]ContestBossBase.lua-359: ================ ContestBossBase:ShieldDec <= 0
Timer:HalfHour------------------
Timer:HalfHour------------------
QualifyingCenter:onHalfHour	0
[m[2019-04-30 12:30:20] [war1_1:INFO-1082046481]ContestBossBase.lua-359: ================ ContestBossBase:ShieldDec <= 0
[m[2019-04-30 12:44:40] [war1_1:INFO-1082046481]ContestBossBase.lua-359: ================ ContestBossBase:ShieldDec <= 0
[m[2019-04-30 12:47:55] [war1_1:INFO-1082046481]KingArenaCenter.lua-121: update fightdata-------------------
[m[2019-04-30 12:59:00] [war1_1:INFO-1082046481]ContestBossBase.lua-359: ================ ContestBossBase:ShieldDec <= 0
Timer:HalfHour------------------
Timer:HalfHour------------------
QualifyingCenter:onHalfHour	0
[m[2019-04-30 13:13:20] [war1_1:INFO-1082046481]ContestBossBase.lua-359: ================ ContestBossBase:ShieldDec <= 0
[m[2019-04-30 13:27:40] [war1_1:INFO-1082046481]ContestBossBase.lua-359: ================ ContestBossBase:ShieldDec <= 0
Timer:HalfHour------------------
Timer:HalfHour------------------
QualifyingCenter:onHalfHour	0
[m[2019-04-30 13:42:00] [war1_1:INFO-1082046481]ContestBossBase.lua-359: ================ ContestBossBase:ShieldDec <= 0
[m[2019-04-30 13:47:55] [war1_1:INFO-1082046481]KingArenaCenter.lua-121: update fightdata-------------------
[m[2019-04-30 13:56:20] [war1_1:INFO-1082046481]ContestBossBase.lua-359: ================ ContestBossBase:ShieldDec <= 0
Timer:HalfHour------------------
Timer:HalfHour------------------
QualifyingCenter:onHalfHour	0
[m[2019-04-30 14:10:20] [INFO  ][center-1082046467](on_accept_socket)accept connect 16777241 80.82.70.187
[m[2019-04-30 14:10:40] [war1_1:INFO-1082046481]ContestBossBase.lua-359: ================ ContestBossBase:ShieldDec <= 0
close socket in accepter
[m[2019-04-30 14:11:01] [INFO  ][center-1082046467](on_close_socket)router 0 close 16777241 failed router = 0
[m[2019-04-30 14:25:00] [war1_1:INFO-1082046481]ContestBossBase.lua-359: ================ ContestBossBase:ShieldDec <= 0
Timer:HalfHour------------------
Timer:HalfHour------------------
QualifyingCenter:onHalfHour	0
[m[2019-04-30 14:39:20] [war1_1:INFO-1082046481]ContestBossBase.lua-359: ================ ContestBossBase:ShieldDec <= 0
[m[2019-04-30 14:47:55] [war1_1:INFO-1082046481]KingArenaCenter.lua-121: update fightdata-------------------
[m[2019-04-30 14:53:40] [war1_1:INFO-1082046481]ContestBossBase.lua-359: ================ ContestBossBase:ShieldDec <= 0
Timer:HalfHour------------------
Timer:HalfHour------------------
QualifyingCenter:onHalfHour	0
[m[2019-04-30 15:08:00] [war1_1:INFO-1082046481]ContestBossBase.lua-359: ================ ContestBossBase:ShieldDec <= 0
[m[2019-04-30 15:22:20] [war1_1:INFO-1082046481]ContestBossBase.lua-359: ================ ContestBossBase:ShieldDec <= 0
Timer:HalfHour------------------
Timer:HalfHour------------------
QualifyingCenter:onHalfHour	0
[m[2019-04-30 15:36:41] [war1_1:INFO-1082046481]ContestBossBase.lua-359: ================ ContestBossBase:ShieldDec <= 0
[m[2019-04-30 15:47:55] [war1_1:INFO-1082046481]KingArenaCenter.lua-121: update fightdata-------------------
[m[2019-04-30 15:51:01] [war1_1:INFO-1082046481]ContestBossBase.lua-359: ================ ContestBossBase:ShieldDec <= 0
Timer:HalfHour------------------
Timer:HalfHour------------------
QualifyingCenter:onHalfHour	0
[m[2019-04-30 16:05:21] [war1_1:INFO-1082046481]ContestBossBase.lua-359: ================ ContestBossBase:ShieldDec <= 0
[m[2019-04-30 16:19:41] [war1_1:INFO-1082046481]ContestBossBase.lua-359: ================ ContestBossBase:ShieldDec <= 0
Timer:HalfHour------------------
Timer:HalfHour------------------
QualifyingCenter:onHalfHour	0
[m[2019-04-30 16:34:01] [war1_1:INFO-1082046481]ContestBossBase.lua-359: ================ ContestBossBase:ShieldDec <= 0
[m[2019-04-30 16:47:55] [war1_1:INFO-1082046481]KingArenaCenter.lua-121: update fightdata-------------------
[m[2019-04-30 16:48:21] [war1_1:INFO-1082046481]ContestBossBase.lua-359: ================ ContestBossBase:ShieldDec <= 0
Timer:HalfHour------------------
Timer:HalfHour------------------
QualifyingCenter:onHalfHour	0
[m[2019-04-30 17:02:41] [war1_1:INFO-1082046481]ContestBossBase.lua-359: ================ ContestBossBase:ShieldDec <= 0
[m[2019-04-30 17:17:01] [war1_1:INFO-1082046481]ContestBossBase.lua-359: ================ ContestBossBase:ShieldDec <= 0
Timer:HalfHour------------------
Timer:HalfHour------------------
QualifyingCenter:onHalfHour	0
[m[2019-04-30 17:31:21] [war1_1:INFO-1082046481]ContestBossBase.lua-359: ================ ContestBossBase:ShieldDec <= 0
[m[2019-04-30 17:45:41] [war1_1:INFO-1082046481]ContestBossBase.lua-359: ================ ContestBossBase:ShieldDec <= 0
[m[2019-04-30 17:47:55] [war1_1:INFO-1082046481]KingArenaCenter.lua-121: update fightdata-------------------
[m[2019-04-30 18:00:01] [war1_1:INFO-1082046481]ContestBossBase.lua-359: ================ ContestBossBase:ShieldDec <= 0
Timer:HalfHour------------------
Timer:HalfHour------------------
QualifyingCenter:onHalfHour	0
[m[2019-04-30 18:14:21] [war1_1:INFO-1082046481]ContestBossBase.lua-359: ================ ContestBossBase:ShieldDec <= 0
[m[2019-04-30 18:28:41] [war1_1:INFO-1082046481]ContestBossBase.lua-359: ================ ContestBossBase:ShieldDec <= 0
Timer:HalfHour------------------
Timer:HalfHour------------------
QualifyingCenter:onHalfHour	0
[m[2019-04-30 18:43:01] [war1_1:INFO-1082046481]ContestBossBase.lua-359: ================ ContestBossBase:ShieldDec <= 0
[m[2019-04-30 18:47:55] [war1_1:INFO-1082046481]KingArenaCenter.lua-121: update fightdata-------------------
[m[2019-04-30 18:57:21] [war1_1:INFO-1082046481]ContestBossBase.lua-359: ================ ContestBossBase:ShieldDec <= 0
Timer:HalfHour------------------
Timer:HalfHour------------------
QualifyingCenter:onHalfHour	0
[m[2019-04-30 19:11:41] [war1_1:INFO-1082046481]ContestBossBase.lua-359: ================ ContestBossBase:ShieldDec <= 0
[m[2019-04-30 19:13:35] [war1_1:INFO-1082046481]TeamCenter.lua-148: --------4-------： 160
[m[2019-04-30 19:13:35] [war1_1:INFO-1082046481]TeamCenter.lua-169: --------5-------： 17179869186
[m[2019-04-30 19:13:35] [war1_1:INFO-1082046481]TeamCenter.lua-564: --------1-------： 17179869186
[m[2019-04-30 19:13:35] [war1_1:INFO-1082046481]TeamCenter.lua-574: --------2-------： 17179869186
[m[2019-04-30 19:26:01] [war1_1:INFO-1082046481]ContestBossBase.lua-359: ================ ContestBossBase:ShieldDec <= 0
Timer:HalfHour------------------
Timer:HalfHour------------------
QualifyingCenter:onHalfHour	0
[m[2019-04-30 19:40:21] [war1_1:INFO-1082046481]ContestBossBase.lua-359: ================ ContestBossBase:ShieldDec <= 0
[m[2019-04-30 19:47:55] [war1_1:INFO-1082046481]KingArenaCenter.lua-121: update fightdata-------------------
[m[2019-04-30 19:54:41] [war1_1:INFO-1082046481]ContestBossBase.lua-359: ================ ContestBossBase:ShieldDec <= 0
ClimbCenter:CheckStart----------
GuildMinewarCenter:Start--------------------------------
Timer:HalfHour------------------
Timer:HalfHour------------------
GuildwarCenter:Start--------------------------
QualifyingCenter:onHalfHour	0
[m[2019-04-30 20:09:01] [war1_1:INFO-1082046481]ContestBossBase.lua-359: ================ ContestBossBase:ShieldDec <= 0
GuildMinewarCenter:Shut---------------------------------
[m[2019-04-30 20:23:21] [war1_1:INFO-1082046481]ContestBossBase.lua-359: ================ ContestBossBase:ShieldDec <= 0
Timer:HalfHour------------------
Timer:HalfHour------------------
QualifyingCenter:onHalfHour	0
GuildwarCenter:Shut--------------------------------
[m[2019-04-30 20:37:41] [war1_1:INFO-1082046481]ContestBossBase.lua-359: ================ ContestBossBase:ShieldDec <= 0
[m[2019-04-30 20:47:55] [war1_1:INFO-1082046481]KingArenaCenter.lua-121: update fightdata-------------------
[m[2019-04-30 20:52:01] [war1_1:INFO-1082046481]ContestBossBase.lua-359: ================ ContestBossBase:ShieldDec <= 0
ContestBossBase:CheckOpen-------------
[m[2019-04-30 21:00:00] [war1_1:INFO-1082046481]ContestBossBase.lua-113: ================ ContestBossBase:Open
KingCenter:CheckStart----------
KingCenter:Start------------------------------
Timer:HalfHour------------------
Timer:HalfHour------------------
QualifyingCenter:onHalfHour	0
KingCenter:Begin------------------------------
[m[2019-04-30 21:02:00] [war1_1:INFO-1082046481]ContestBossBase.lua-128: ================ ContestBossBase:BossEnter
[m[2019-04-30 21:06:21] [war1_1:INFO-1082046481]ContestBossBase.lua-359: ================ ContestBossBase:ShieldDec <= 0
[m[2019-04-30 21:20:41] [war1_1:INFO-1082046481]ContestBossBase.lua-359: ================ ContestBossBase:ShieldDec <= 0
[m[2019-04-30 21:22:00] [war1_1:INFO-1082046481]ContestBossBase.lua-172: ================ ContestBossBase:Close
Timer:HalfHour------------------
Timer:HalfHour------------------
QualifyingCenter:onHalfHour	0
[m[2019-04-30 21:35:01] [war1_1:INFO-1082046481]ContestBossBase.lua-359: ================ ContestBossBase:ShieldDec <= 0
[m[2019-04-30 21:47:55] [war1_1:INFO-1082046481]KingArenaCenter.lua-121: update fightdata-------------------
[m[2019-04-30 21:49:21] [war1_1:INFO-1082046481]ContestBossBase.lua-359: ================ ContestBossBase:ShieldDec <= 0
Timer:HalfHour------------------
Timer:HalfHour------------------
QualifyingCenter:onHalfHour	0
[m[2019-04-30 22:03:41] [war1_1:INFO-1082046481]ContestBossBase.lua-359: ================ ContestBossBase:ShieldDec <= 0
[m[2019-04-30 22:18:01] [war1_1:INFO-1082046481]ContestBossBase.lua-359: ================ ContestBossBase:ShieldDec <= 0
Timer:HalfHour------------------
Timer:HalfHour------------------
QualifyingCenter:onHalfHour	0
[m[2019-04-30 22:32:21] [war1_1:INFO-1082046481]ContestBossBase.lua-359: ================ ContestBossBase:ShieldDec <= 0
[m[2019-04-30 22:46:41] [war1_1:INFO-1082046481]ContestBossBase.lua-359: ================ ContestBossBase:ShieldDec <= 0
[m[2019-04-30 22:47:55] [war1_1:INFO-1082046481]KingArenaCenter.lua-121: update fightdata-------------------
Timer:HalfHour------------------
Timer:HalfHour------------------
QualifyingCenter:onHalfHour	0
[m[2019-04-30 23:01:01] [war1_1:INFO-1082046481]ContestBossBase.lua-359: ================ ContestBossBase:ShieldDec <= 0
